<?xml version="1.0" encoding="UTF-8"?>
<!-- Generated by org.testng.reporters.JUnitXMLReporter -->
<testsuite hostname="TanmayJ13401" name="TmpTest" tests="37" failures="0" timestamp="23 Jan 2019 06:17:18 GMT" time="91.001" errors="0">
  <testcase name="Testcase_placeAdvanceOrder_VerifyId" time="3.103" classname="lm.solution.PlaceOrderTests"/>
  <testcase name="Testcase_placeAdvanceOrder_verifyDistancesCount" time="1.438" classname="lm.solution.PlaceOrderTests"/>
  <testcase name="Testcase_placeAdvanceOrder_verifyFareAboveTwoKms" time="1.354" classname="lm.solution.PlaceOrderTests"/>
  <testcase name="Testcase_placeAdvanceOrder_verifyFareAboveTwoKms_NightCharges" time="1.355" classname="lm.solution.PlaceOrderTests"/>
  <testcase name="Testcase_placeAdvanceOrder_verifyFareBelowTwoKms" time="1.27" classname="lm.solution.PlaceOrderTests"/>
  <testcase name="Testcase_placeAdvanceOrder_verifyFareBelowTwoKms_NightCharges" time="1.357" classname="lm.solution.PlaceOrderTests"/>
  <testcase name="Testcase_placeOrder_verifyCurrency" time="1.352" classname="lm.solution.PlaceOrderTests"/>
  <testcase name="Testcase_placeOrder_verifyDistancesCount" time="1.35" classname="lm.solution.PlaceOrderTests"/>
  <testcase name="Testcase_placeOrder_verifyFareAboveTwoKms" time="1.302" classname="lm.solution.PlaceOrderTests"/>
  <testcase name="Testcase_placeOrder_verifyFareBelowTwoKms" time="1.342" classname="lm.solution.PlaceOrderTests"/>
  <testcase name="Testcase_placeOrder_verifyID" time="1.346" classname="lm.solution.PlaceOrderTests"/>
  <testcase name="Testcase_placeOrder_verifySingleStopValue" time="1.131" classname="lm.solution.PlaceOrderTests"/>
  <testcase name="TestCase_Fetch_Order_VerifyDrivingDistances_ValidID" time="2.461" classname="lm.solution.FetchOrderTests"/>
  <testcase name="TestCase_Fetch_Order_VerifyErrorMessage_InvalidID" time="2.486" classname="lm.solution.FetchOrderTests"/>
  <testcase name="TestCase_Fetch_Order_VerifyFareAmount_ValidID" time="2.509" classname="lm.solution.FetchOrderTests"/>
  <testcase name="TestCase_Fetch_Order_VerifyOrderStatusForPlacedOrder" time="2.466" classname="lm.solution.FetchOrderTests"/>
  <testcase name="TestCase_Fetch_Order_VerifyStatusCode_InvalidID" time="2.42" classname="lm.solution.FetchOrderTests"/>
  <testcase name="TestCase_Fetch_Order_VerifyStatusCode_ValidID" time="2.471" classname="lm.solution.FetchOrderTests"/>
  <testcase name="TestCase_Fetch_Order_VerifyStopsCounts_ValidID" time="2.493" classname="lm.solution.FetchOrderTests"/>
  <testcase name="TestCase_Take_Order_VerifyErrorMessage_InvalidID" time="2.52" classname="lm.solution.DriverTakeOrderTests"/>
  <testcase name="TestCase_Take_Order_VerifyOrderStatus_ValidID" time="2.461" classname="lm.solution.DriverTakeOrderTests"/>
  <testcase name="TestCase_Take_Order_VerifyStatusCode_InvalidFlow" time="3.598" classname="lm.solution.DriverTakeOrderTests"/>
  <testcase name="TestCase_Take_Order_VerifyStatusCode_InvalidID" time="2.514" classname="lm.solution.DriverTakeOrderTests"/>
  <testcase name="TestCase_Take_Order_VerifyStatusCode_ValidID" time="2.477" classname="lm.solution.DriverTakeOrderTests"/>
  <testcase name="TestCase_Complete_Order_VerifyErrorMessage_InvalidID" time="3.596" classname="lm.solution.DriverCompleteOrderTests"/>
  <testcase name="TestCase_Complete_Order_VerifyOrderStatus_InvalidFlow_AssignedToComplete" time="2.41" classname="lm.solution.DriverCompleteOrderTests"/>
  <testcase name="TestCase_Complete_Order_VerifyOrderStatus_ValidID" time="3.616" classname="lm.solution.DriverCompleteOrderTests"/>
  <testcase name="TestCase_Complete_Order_VerifyStatusCode_InvalidFlow" time="3.593" classname="lm.solution.DriverCompleteOrderTests"/>
  <testcase name="TestCase_Complete_Order_VerifyStatusCode_InvalidID" time="3.607" classname="lm.solution.DriverCompleteOrderTests"/>
  <testcase name="TestCase_Complete_Order_VerifyStatusCode_ValidID" time="3.606" classname="lm.solution.DriverCompleteOrderTests"/>
  <testcase name="TestCase_Cancel_Order_VerifyErrorMessage_InvalidID" time="2.501" classname="lm.solution.CancelOrderTests"/>
  <testcase name="TestCase_Cancel_Order_VerifyOrderstatus_ValidID_AfterPlaceOrder" time="2.379" classname="lm.solution.CancelOrderTests"/>
  <testcase name="TestCase_Cancel_Order_VerifyOrderstatus_ValidID_AfterTakeOrder" time="3.486" classname="lm.solution.CancelOrderTests"/>
  <testcase name="TestCase_Cancel_Order_VerifyStatusCode_InvalidID" time="2.413" classname="lm.solution.CancelOrderTests"/>
  <testcase name="TestCase_Cancel_Order_VerifyStatusCode_ValidID_AfterPlaceOrder" time="2.484" classname="lm.solution.CancelOrderTests"/>
  <testcase name="TestCase_Cancel_Order_VerifyStatusCode_ValidID_AfterTakeOrder" time="3.649" classname="lm.solution.CancelOrderTests"/>
  <testcase name="TestCase_cancel_Order_VerifyStatusCode_InvalidFlow" time="4.911" classname="lm.solution.CancelOrderTests"/>
</testsuite> <!-- TmpTest -->
